  [1m[35m (2.5ms)[0m  [1m[34mSELECT sqlite_version(*)[0m
  [1m[35m (1.3ms)[0m  [1m[35mCREATE TABLE "schema_migrations" ("version" varchar NOT NULL PRIMARY KEY)[0m
  [1m[35m (1.7ms)[0m  [1m[35mCREATE TABLE "ar_internal_metadata" ("key" varchar NOT NULL PRIMARY KEY, "value" varchar, "created_at" datetime(6) NOT NULL, "updated_at" datetime(6) NOT NULL)[0m
  [1m[35m (0.2ms)[0m  [1m[34mSELECT "schema_migrations"."version" FROM "schema_migrations" ORDER BY "schema_migrations"."version" ASC[0m
Migrating to CreateUsers (20210330043948)
  [1m[36mTRANSACTION (0.1ms)[0m  [1m[36mbegin transaction[0m
  [1m[35m (0.7ms)[0m  [1m[35mCREATE TABLE "users" ("id" integer PRIMARY KEY AUTOINCREMENT NOT NULL, "name" varchar, "created_at" datetime(6) NOT NULL, "updated_at" datetime(6) NOT NULL)[0m
  [1m[36mActiveRecord::SchemaMigration Create (0.4ms)[0m  [1m[32mINSERT INTO "schema_migrations" ("version") VALUES (?)[0m  [["version", "20210330043948"]]
  [1m[36mTRANSACTION (0.9ms)[0m  [1m[36mcommit transaction[0m
Migrating to CreatePlaylists (20210330045616)
  [1m[36mTRANSACTION (0.1ms)[0m  [1m[36mbegin transaction[0m
  [1m[35m (0.8ms)[0m  [1m[35mCREATE TABLE "playlists" ("id" integer PRIMARY KEY AUTOINCREMENT NOT NULL, "name" varchar, "user_id" integer NOT NULL, "created_at" datetime(6) NOT NULL, "updated_at" datetime(6) NOT NULL, CONSTRAINT "fk_rails_d67ef1eb45"
FOREIGN KEY ("user_id")
  REFERENCES "users" ("id")
)[0m
  [1m[35m (0.1ms)[0m  [1m[35mCREATE INDEX "index_playlists_on_user_id" ON "playlists" ("user_id")[0m
  [1m[36mActiveRecord::SchemaMigration Create (0.4ms)[0m  [1m[32mINSERT INTO "schema_migrations" ("version") VALUES (?)[0m  [["version", "20210330045616"]]
  [1m[36mTRANSACTION (1.4ms)[0m  [1m[36mcommit transaction[0m
Migrating to CreateSongs (20210330045649)
  [1m[36mTRANSACTION (0.1ms)[0m  [1m[36mbegin transaction[0m
  [1m[35m (0.5ms)[0m  [1m[35mCREATE TABLE "songs" ("id" integer PRIMARY KEY AUTOINCREMENT NOT NULL, "title" varchar, "artist" varchar, "genre" varchar, "link" varchar, "likes" integer, "created_at" datetime(6) NOT NULL, "updated_at" datetime(6) NOT NULL)[0m
  [1m[36mActiveRecord::SchemaMigration Create (0.2ms)[0m  [1m[32mINSERT INTO "schema_migrations" ("version") VALUES (?)[0m  [["version", "20210330045649"]]
  [1m[36mTRANSACTION (1.4ms)[0m  [1m[36mcommit transaction[0m
Migrating to CreatePlaylistSongs (20210330045713)
  [1m[36mTRANSACTION (0.1ms)[0m  [1m[36mbegin transaction[0m
  [1m[35m (0.6ms)[0m  [1m[35mCREATE TABLE "playlist_songs" ("id" integer PRIMARY KEY AUTOINCREMENT NOT NULL, "playlist_id" integer NOT NULL, "song_id" integer NOT NULL, "created_at" datetime(6) NOT NULL, "updated_at" datetime(6) NOT NULL, CONSTRAINT "fk_rails_282ee7fa4c"
FOREIGN KEY ("playlist_id")
  REFERENCES "playlists" ("id")
, CONSTRAINT "fk_rails_4771edc43f"
FOREIGN KEY ("song_id")
  REFERENCES "songs" ("id")
)[0m
  [1m[35m (0.2ms)[0m  [1m[35mCREATE INDEX "index_playlist_songs_on_playlist_id" ON "playlist_songs" ("playlist_id")[0m
  [1m[35m (0.3ms)[0m  [1m[35mCREATE INDEX "index_playlist_songs_on_song_id" ON "playlist_songs" ("song_id")[0m
  [1m[36mActiveRecord::SchemaMigration Create (7.7ms)[0m  [1m[32mINSERT INTO "schema_migrations" ("version") VALUES (?)[0m  [["version", "20210330045713"]]
  [1m[36mTRANSACTION (1.3ms)[0m  [1m[36mcommit transaction[0m
  [1m[36mActiveRecord::InternalMetadata Load (0.6ms)[0m  [1m[34mSELECT "ar_internal_metadata".* FROM "ar_internal_metadata" WHERE "ar_internal_metadata"."key" = ? LIMIT ?[0m  [["key", "environment"], ["LIMIT", 1]]
  [1m[36mTRANSACTION (0.1ms)[0m  [1m[36mbegin transaction[0m
  [1m[36mActiveRecord::InternalMetadata Create (0.8ms)[0m  [1m[32mINSERT INTO "ar_internal_metadata" ("key", "value", "created_at", "updated_at") VALUES (?, ?, ?, ?)[0m  [["key", "environment"], ["value", "development"], ["created_at", "2021-03-30 04:57:56.293824"], ["updated_at", "2021-03-30 04:57:56.293824"]]
  [1m[36mTRANSACTION (2.0ms)[0m  [1m[36mcommit transaction[0m
  [1m[35m (0.2ms)[0m  [1m[34mSELECT sqlite_version(*)[0m
  [1m[35m (0.1ms)[0m  [1m[34mSELECT "schema_migrations"."version" FROM "schema_migrations" ORDER BY "schema_migrations"."version" ASC[0m
  [1m[35m (0.9ms)[0m  [1m[34mSELECT sqlite_version(*)[0m
  [1m[35m (3.4ms)[0m  [1m[34mSELECT "schema_migrations"."version" FROM "schema_migrations" ORDER BY "schema_migrations"."version" ASC[0m
  [1m[35m (1.2ms)[0m  [1m[34mSELECT sqlite_version(*)[0m
  [1m[35m (0.5ms)[0m  [1m[34mSELECT "schema_migrations"."version" FROM "schema_migrations" ORDER BY "schema_migrations"."version" ASC[0m
  [1m[35m (0.1ms)[0m  [1m[34mSELECT sqlite_version(*)[0m
  [1m[36mTRANSACTION (0.1ms)[0m  [1m[36mbegin transaction[0m
  [1m[36mUser Create (1.2ms)[0m  [1m[32mINSERT INTO "users" ("name", "created_at", "updated_at") VALUES (?, ?, ?)[0m  [["name", "Yu"], ["created_at", "2021-03-30 05:07:54.750293"], ["updated_at", "2021-03-30 05:07:54.750293"]]
  [1m[36mTRANSACTION (1.2ms)[0m  [1m[36mcommit transaction[0m
  [1m[36mTRANSACTION (0.1ms)[0m  [1m[36mbegin transaction[0m
  [1m[36mUser Create (0.4ms)[0m  [1m[32mINSERT INTO "users" ("name", "created_at", "updated_at") VALUES (?, ?, ?)[0m  [["name", "Gus"], ["created_at", "2021-03-30 05:07:54.756184"], ["updated_at", "2021-03-30 05:07:54.756184"]]
  [1m[36mTRANSACTION (1.2ms)[0m  [1m[36mcommit transaction[0m
  [1m[36mTRANSACTION (0.1ms)[0m  [1m[36mbegin transaction[0m
  [1m[36mUser Create (0.5ms)[0m  [1m[32mINSERT INTO "users" ("name", "created_at", "updated_at") VALUES (?, ?, ?)[0m  [["name", "Mohamed"], ["created_at", "2021-03-30 05:07:54.760669"], ["updated_at", "2021-03-30 05:07:54.760669"]]
  [1m[36mTRANSACTION (0.9ms)[0m  [1m[36mcommit transaction[0m
  [1m[36mTRANSACTION (0.1ms)[0m  [1m[36mbegin transaction[0m
  [1m[36mUser Load (0.2ms)[0m  [1m[34mSELECT "users".* FROM "users" WHERE "users"."id" = ? LIMIT ?[0m  [["id", 1], ["LIMIT", 1]]
  [1m[36mPlaylist Create (0.8ms)[0m  [1m[32mINSERT INTO "playlists" ("name", "user_id", "created_at", "updated_at") VALUES (?, ?, ?, ?)[0m  [["name", "Workout"], ["user_id", 1], ["created_at", "2021-03-30 05:07:54.790057"], ["updated_at", "2021-03-30 05:07:54.790057"]]
  [1m[36mTRANSACTION (1.0ms)[0m  [1m[36mcommit transaction[0m
  [1m[36mTRANSACTION (0.1ms)[0m  [1m[36mbegin transaction[0m
  [1m[36mUser Load (0.1ms)[0m  [1m[34mSELECT "users".* FROM "users" WHERE "users"."id" = ? LIMIT ?[0m  [["id", 1], ["LIMIT", 1]]
  [1m[36mPlaylist Create (0.4ms)[0m  [1m[32mINSERT INTO "playlists" ("name", "user_id", "created_at", "updated_at") VALUES (?, ?, ?, ?)[0m  [["name", "Coding"], ["user_id", 1], ["created_at", "2021-03-30 05:07:54.796069"], ["updated_at", "2021-03-30 05:07:54.796069"]]
  [1m[36mTRANSACTION (1.2ms)[0m  [1m[36mcommit transaction[0m
  [1m[36mTRANSACTION (0.0ms)[0m  [1m[36mbegin transaction[0m
  [1m[36mUser Load (0.3ms)[0m  [1m[34mSELECT "users".* FROM "users" WHERE "users"."id" = ? LIMIT ?[0m  [["id", 2], ["LIMIT", 1]]
  [1m[36mPlaylist Create (0.5ms)[0m  [1m[32mINSERT INTO "playlists" ("name", "user_id", "created_at", "updated_at") VALUES (?, ?, ?, ?)[0m  [["name", "Gym"], ["user_id", 2], ["created_at", "2021-03-30 05:07:54.802116"], ["updated_at", "2021-03-30 05:07:54.802116"]]
  [1m[36mTRANSACTION (1.2ms)[0m  [1m[36mcommit transaction[0m
  [1m[36mTRANSACTION (0.0ms)[0m  [1m[36mbegin transaction[0m
  [1m[36mUser Load (0.1ms)[0m  [1m[34mSELECT "users".* FROM "users" WHERE "users"."id" = ? LIMIT ?[0m  [["id", 2], ["LIMIT", 1]]
  [1m[36mPlaylist Create (0.5ms)[0m  [1m[32mINSERT INTO "playlists" ("name", "user_id", "created_at", "updated_at") VALUES (?, ?, ?, ?)[0m  [["name", "Chilling"], ["user_id", 2], ["created_at", "2021-03-30 05:07:54.807554"], ["updated_at", "2021-03-30 05:07:54.807554"]]
  [1m[36mTRANSACTION (0.8ms)[0m  [1m[36mcommit transaction[0m
  [1m[36mTRANSACTION (0.0ms)[0m  [1m[36mbegin transaction[0m
  [1m[36mUser Load (0.2ms)[0m  [1m[34mSELECT "users".* FROM "users" WHERE "users"."id" = ? LIMIT ?[0m  [["id", 3], ["LIMIT", 1]]
  [1m[36mPlaylist Create (0.6ms)[0m  [1m[32mINSERT INTO "playlists" ("name", "user_id", "created_at", "updated_at") VALUES (?, ?, ?, ?)[0m  [["name", "Shower"], ["user_id", 3], ["created_at", "2021-03-30 05:07:54.814411"], ["updated_at", "2021-03-30 05:07:54.814411"]]
  [1m[36mTRANSACTION (0.6ms)[0m  [1m[36mcommit transaction[0m
  [1m[36mTRANSACTION (0.0ms)[0m  [1m[36mbegin transaction[0m
  [1m[36mUser Load (0.1ms)[0m  [1m[34mSELECT "users".* FROM "users" WHERE "users"."id" = ? LIMIT ?[0m  [["id", 3], ["LIMIT", 1]]
  [1m[36mPlaylist Create (0.5ms)[0m  [1m[32mINSERT INTO "playlists" ("name", "user_id", "created_at", "updated_at") VALUES (?, ?, ?, ?)[0m  [["name", "Walking"], ["user_id", 3], ["created_at", "2021-03-30 05:07:54.820199"], ["updated_at", "2021-03-30 05:07:54.820199"]]
  [1m[36mTRANSACTION (0.6ms)[0m  [1m[36mcommit transaction[0m
  [1m[36mTRANSACTION (0.1ms)[0m  [1m[36mbegin transaction[0m
  [1m[36mUser Load (0.1ms)[0m  [1m[34mSELECT "users".* FROM "users" WHERE "users"."id" = ? LIMIT ?[0m  [["id", 3], ["LIMIT", 1]]
  [1m[36mPlaylist Create (0.4ms)[0m  [1m[32mINSERT INTO "playlists" ("name", "user_id", "created_at", "updated_at") VALUES (?, ?, ?, ?)[0m  [["name", "Sports"], ["user_id", 3], ["created_at", "2021-03-30 05:07:54.825963"], ["updated_at", "2021-03-30 05:07:54.825963"]]
  [1m[36mTRANSACTION (0.8ms)[0m  [1m[36mcommit transaction[0m
  [1m[36mTRANSACTION (0.1ms)[0m  [1m[36mbegin transaction[0m
  [1m[36mSong Create (0.5ms)[0m  [1m[32mINSERT INTO "songs" ("title", "artist", "genre", "link", "likes", "created_at", "updated_at") VALUES (?, ?, ?, ?, ?, ?, ?)[0m  [["title", "Hotline Bling"], ["artist", "Drake"], ["genre", "Hip-Hop"], ["link", "https://www.youtube.com/watch?v=uxpDa-c-4Mc"], ["likes", 0], ["created_at", "2021-03-30 05:07:54.839069"], ["updated_at", "2021-03-30 05:07:54.839069"]]
  [1m[36mTRANSACTION (0.9ms)[0m  [1m[36mcommit transaction[0m
  [1m[36mTRANSACTION (0.0ms)[0m  [1m[36mbegin transaction[0m
  [1m[36mSong Create (0.4ms)[0m  [1m[32mINSERT INTO "songs" ("title", "artist", "genre", "link", "likes", "created_at", "updated_at") VALUES (?, ?, ?, ?, ?, ?, ?)[0m  [["title", "Started From The Bottom"], ["artist", "Drake"], ["genre", "Hip-Hop"], ["link", "https://www.youtube.com/watch?v=RubBzkZzpUA"], ["likes", 0], ["created_at", "2021-03-30 05:07:54.843503"], ["updated_at", "2021-03-30 05:07:54.843503"]]
  [1m[36mTRANSACTION (0.8ms)[0m  [1m[36mcommit transaction[0m
  [1m[36mTRANSACTION (0.1ms)[0m  [1m[36mbegin transaction[0m
  [1m[36mSong Create (0.4ms)[0m  [1m[32mINSERT INTO "songs" ("title", "artist", "genre", "link", "likes", "created_at", "updated_at") VALUES (?, ?, ?, ?, ?, ?, ?)[0m  [["title", "Girl Like You ft.Cardi B"], ["artist", "Maroon 5"], ["genre", "Pop"], ["link", "https://www.youtube.com/watch?v=aJOTlE1K90k"], ["likes", 0], ["created_at", "2021-03-30 05:07:54.848212"], ["updated_at", "2021-03-30 05:07:54.848212"]]
  [1m[36mTRANSACTION (0.8ms)[0m  [1m[36mcommit transaction[0m
  [1m[36mTRANSACTION (0.0ms)[0m  [1m[36mbegin transaction[0m
  [1m[36mSong Create (0.4ms)[0m  [1m[32mINSERT INTO "songs" ("title", "artist", "genre", "link", "likes", "created_at", "updated_at") VALUES (?, ?, ?, ?, ?, ?, ?)[0m  [["title", "Sugar"], ["artist", "Maroon 5"], ["genre", "Pop"], ["link", "https://www.youtube.com/watch?v=09R8_2nJtjg"], ["likes", 0], ["created_at", "2021-03-30 05:07:54.852508"], ["updated_at", "2021-03-30 05:07:54.852508"]]
  [1m[36mTRANSACTION (0.8ms)[0m  [1m[36mcommit transaction[0m
  [1m[36mTRANSACTION (0.0ms)[0m  [1m[36mbegin transaction[0m
  [1m[36mSong Create (0.4ms)[0m  [1m[32mINSERT INTO "songs" ("title", "artist", "genre", "link", "likes", "created_at", "updated_at") VALUES (?, ?, ?, ?, ?, ?, ?)[0m  [["title", "This Love"], ["artist", "Maroon 5"], ["genre", "Pop"], ["link", "https://www.youtube.com/watch?v=XPpTgCho5ZA"], ["likes", 0], ["created_at", "2021-03-30 05:07:54.856635"], ["updated_at", "2021-03-30 05:07:54.856635"]]
  [1m[36mTRANSACTION (0.7ms)[0m  [1m[36mcommit transaction[0m
  [1m[36mTRANSACTION (0.1ms)[0m  [1m[36mbegin transaction[0m
  [1m[36mSong Create (0.7ms)[0m  [1m[32mINSERT INTO "songs" ("title", "artist", "genre", "link", "likes", "created_at", "updated_at") VALUES (?, ?, ?, ?, ?, ?, ?)[0m  [["title", "Bleed"], ["artist", "A Boogie Wit da Hoodie"], ["genre", "Rap"], ["link", "https://www.youtube.com/watch?v=ZdhVDWcrh6c"], ["likes", 0], ["created_at", "2021-03-30 05:07:54.861399"], ["updated_at", "2021-03-30 05:07:54.861399"]]
  [1m[36mTRANSACTION (0.9ms)[0m  [1m[36mcommit transaction[0m
  [1m[36mTRANSACTION (0.1ms)[0m  [1m[36mbegin transaction[0m
  [1m[36mSong Create (0.5ms)[0m  [1m[32mINSERT INTO "songs" ("title", "artist", "genre", "link", "likes", "created_at", "updated_at") VALUES (?, ?, ?, ?, ?, ?, ?)[0m  [["title", "Mood Swing"], ["artist", "A Boogie Wit da Hoodie"], ["genre", "Rap"], ["link", "https://www.youtube.com/watch?v=8-xqc0M8C6s"], ["likes", 0], ["created_at", "2021-03-30 05:07:54.899660"], ["updated_at", "2021-03-30 05:07:54.899660"]]
  [1m[36mTRANSACTION (1.3ms)[0m  [1m[36mcommit transaction[0m
  [1m[36mTRANSACTION (0.1ms)[0m  [1m[36mbegin transaction[0m
  [1m[36mPlaylist Load (0.4ms)[0m  [1m[34mSELECT "playlists".* FROM "playlists" WHERE "playlists"."id" = ? LIMIT ?[0m  [["id", 1], ["LIMIT", 1]]
  [1m[36mSong Load (0.2ms)[0m  [1m[34mSELECT "songs".* FROM "songs" WHERE "songs"."id" = ? LIMIT ?[0m  [["id", 1], ["LIMIT", 1]]
  [1m[36mPlaylistSong Create (0.8ms)[0m  [1m[32mINSERT INTO "playlist_songs" ("playlist_id", "song_id", "created_at", "updated_at") VALUES (?, ?, ?, ?)[0m  [["playlist_id", 1], ["song_id", 1], ["created_at", "2021-03-30 05:07:54.922631"], ["updated_at", "2021-03-30 05:07:54.922631"]]
  [1m[36mTRANSACTION (0.7ms)[0m  [1m[36mcommit transaction[0m
  [1m[36mTRANSACTION (0.1ms)[0m  [1m[36mbegin transaction[0m
  [1m[36mPlaylist Load (0.3ms)[0m  [1m[34mSELECT "playlists".* FROM "playlists" WHERE "playlists"."id" = ? LIMIT ?[0m  [["id", 1], ["LIMIT", 1]]
  [1m[36mSong Load (0.1ms)[0m  [1m[34mSELECT "songs".* FROM "songs" WHERE "songs"."id" = ? LIMIT ?[0m  [["id", 6], ["LIMIT", 1]]
  [1m[36mPlaylistSong Create (0.5ms)[0m  [1m[32mINSERT INTO "playlist_songs" ("playlist_id", "song_id", "created_at", "updated_at") VALUES (?, ?, ?, ?)[0m  [["playlist_id", 1], ["song_id", 6], ["created_at", "2021-03-30 05:07:54.945616"], ["updated_at", "2021-03-30 05:07:54.945616"]]
  [1m[36mTRANSACTION (0.9ms)[0m  [1m[36mcommit transaction[0m
  [1m[36mTRANSACTION (0.1ms)[0m  [1m[36mbegin transaction[0m
  [1m[36mPlaylist Load (0.4ms)[0m  [1m[34mSELECT "playlists".* FROM "playlists" WHERE "playlists"."id" = ? LIMIT ?[0m  [["id", 2], ["LIMIT", 1]]
  [1m[36mSong Load (0.1ms)[0m  [1m[34mSELECT "songs".* FROM "songs" WHERE "songs"."id" = ? LIMIT ?[0m  [["id", 3], ["LIMIT", 1]]
  [1m[36mPlaylistSong Create (0.7ms)[0m  [1m[32mINSERT INTO "playlist_songs" ("playlist_id", "song_id", "created_at", "updated_at") VALUES (?, ?, ?, ?)[0m  [["playlist_id", 2], ["song_id", 3], ["created_at", "2021-03-30 05:07:54.961486"], ["updated_at", "2021-03-30 05:07:54.961486"]]
  [1m[36mTRANSACTION (2.6ms)[0m  [1m[36mcommit transaction[0m
  [1m[36mTRANSACTION (0.1ms)[0m  [1m[36mbegin transaction[0m
  [1m[36mPlaylist Load (0.2ms)[0m  [1m[34mSELECT "playlists".* FROM "playlists" WHERE "playlists"."id" = ? LIMIT ?[0m  [["id", 2], ["LIMIT", 1]]
  [1m[36mSong Load (0.1ms)[0m  [1m[34mSELECT "songs".* FROM "songs" WHERE "songs"."id" = ? LIMIT ?[0m  [["id", 4], ["LIMIT", 1]]
  [1m[36mPlaylistSong Create (3.8ms)[0m  [1m[32mINSERT INTO "playlist_songs" ("playlist_id", "song_id", "created_at", "updated_at") VALUES (?, ?, ?, ?)[0m  [["playlist_id", 2], ["song_id", 4], ["created_at", "2021-03-30 05:07:54.987864"], ["updated_at", "2021-03-30 05:07:54.987864"]]
  [1m[36mTRANSACTION (1.3ms)[0m  [1m[36mcommit transaction[0m
  [1m[36mTRANSACTION (0.1ms)[0m  [1m[36mbegin transaction[0m
  [1m[36mPlaylist Load (0.2ms)[0m  [1m[34mSELECT "playlists".* FROM "playlists" WHERE "playlists"."id" = ? LIMIT ?[0m  [["id", 3], ["LIMIT", 1]]
  [1m[36mSong Load (0.1ms)[0m  [1m[34mSELECT "songs".* FROM "songs" WHERE "songs"."id" = ? LIMIT ?[0m  [["id", 5], ["LIMIT", 1]]
  [1m[36mPlaylistSong Create (0.7ms)[0m  [1m[32mINSERT INTO "playlist_songs" ("playlist_id", "song_id", "created_at", "updated_at") VALUES (?, ?, ?, ?)[0m  [["playlist_id", 3], ["song_id", 5], ["created_at", "2021-03-30 05:07:55.023955"], ["updated_at", "2021-03-30 05:07:55.023955"]]
  [1m[36mTRANSACTION (1.3ms)[0m  [1m[36mcommit transaction[0m
  [1m[36mTRANSACTION (0.1ms)[0m  [1m[36mbegin transaction[0m
  [1m[36mPlaylist Load (0.2ms)[0m  [1m[34mSELECT "playlists".* FROM "playlists" WHERE "playlists"."id" = ? LIMIT ?[0m  [["id", 3], ["LIMIT", 1]]
  [1m[36mSong Load (0.1ms)[0m  [1m[34mSELECT "songs".* FROM "songs" WHERE "songs"."id" = ? LIMIT ?[0m  [["id", 6], ["LIMIT", 1]]
  [1m[36mPlaylistSong Create (0.9ms)[0m  [1m[32mINSERT INTO "playlist_songs" ("playlist_id", "song_id", "created_at", "updated_at") VALUES (?, ?, ?, ?)[0m  [["playlist_id", 3], ["song_id", 6], ["created_at", "2021-03-30 05:07:55.039721"], ["updated_at", "2021-03-30 05:07:55.039721"]]
  [1m[36mTRANSACTION (1.2ms)[0m  [1m[36mcommit transaction[0m
  [1m[35m (1.2ms)[0m  [1m[34mSELECT sqlite_version(*)[0m
  [1m[36mPlaylist Load (0.4ms)[0m  [1m[34mSELECT "playlists".* FROM "playlists" /* loading for inspect */ LIMIT ?[0m  [["LIMIT", 11]]
  [1m[36mSong Load (1.3ms)[0m  [1m[34mSELECT "songs".* FROM "songs" /* loading for inspect */ LIMIT ?[0m  [["LIMIT", 11]]
  [1m[36mPlaylistSong Load (0.6ms)[0m  [1m[34mSELECT "playlist_songs".* FROM "playlist_songs" /* loading for inspect */ LIMIT ?[0m  [["LIMIT", 11]]
  [1m[36mPlaylistSong Load (3.0ms)[0m  [1m[34mSELECT "playlist_songs".* FROM "playlist_songs" ORDER BY "playlist_songs"."id" ASC LIMIT ?[0m  [["LIMIT", 1]]
  [1m[36mSong Load (0.8ms)[0m  [1m[34mSELECT "songs".* FROM "songs" WHERE "songs"."id" = ? LIMIT ?[0m  [["id", 1], ["LIMIT", 1]]
  [1m[36mPlaylistSong Load (0.3ms)[0m  [1m[34mSELECT "playlist_songs".* FROM "playlist_songs" ORDER BY "playlist_songs"."id" ASC LIMIT ?[0m  [["LIMIT", 1]]
  [1m[36mPlaylist Load (0.7ms)[0m  [1m[34mSELECT "playlists".* FROM "playlists" WHERE "playlists"."id" = ? LIMIT ?[0m  [["id", 1], ["LIMIT", 1]]
  [1m[35m (1.1ms)[0m  [1m[34mSELECT sqlite_version(*)[0m
  [1m[36mUser Load (0.4ms)[0m  [1m[34mSELECT "users".* FROM "users" /* loading for inspect */ LIMIT ?[0m  [["LIMIT", 11]]
  [1m[35m (1.2ms)[0m  [1m[34mSELECT sqlite_version(*)[0m
  [1m[36mUser Load (0.4ms)[0m  [1m[34mSELECT "users".* FROM "users" /* loading for inspect */ LIMIT ?[0m  [["LIMIT", 11]]
  [1m[35m (1.1ms)[0m  [1m[34mSELECT sqlite_version(*)[0m
  [1m[36mPlaylist Load (0.7ms)[0m  [1m[34mSELECT "playlists".* FROM "playlists" /* loading for inspect */ LIMIT ?[0m  [["LIMIT", 11]]
  [1m[35m (1.2ms)[0m  [1m[34mSELECT sqlite_version(*)[0m
  [1m[36mUser Load (0.5ms)[0m  [1m[34mSELECT "users".* FROM "users" /* loading for inspect */ LIMIT ?[0m  [["LIMIT", 11]]
  [1m[36mPlaylistSong Load (0.5ms)[0m  [1m[34mSELECT "playlist_songs".* FROM "playlist_songs" ORDER BY "playlist_songs"."id" ASC LIMIT ?[0m  [["LIMIT", 1]]
  [1m[36mSong Load (0.6ms)[0m  [1m[34mSELECT "songs".* FROM "songs" WHERE "songs"."id" = ? LIMIT ?[0m  [["id", 1], ["LIMIT", 1]]
  [1m[36mPlaylistSong Load (0.2ms)[0m  [1m[34mSELECT "playlist_songs".* FROM "playlist_songs" ORDER BY "playlist_songs"."id" ASC LIMIT ?[0m  [["LIMIT", 1]]
  [1m[36mPlaylist Load (0.5ms)[0m  [1m[34mSELECT "playlists".* FROM "playlists" WHERE "playlists"."id" = ? LIMIT ?[0m  [["id", 1], ["LIMIT", 1]]
  [1m[35m (1.3ms)[0m  [1m[34mSELECT sqlite_version(*)[0m
  [1m[36mUser Load (0.7ms)[0m  [1m[34mSELECT "users".* FROM "users" /* loading for inspect */ LIMIT ?[0m  [["LIMIT", 11]]
  [1m[36mPlaylist Load (0.6ms)[0m  [1m[34mSELECT "playlists".* FROM "playlists" /* loading for inspect */ LIMIT ?[0m  [["LIMIT", 11]]
  [1m[36mPlaylistSong Load (0.5ms)[0m  [1m[34mSELECT "playlist_songs".* FROM "playlist_songs" /* loading for inspect */ LIMIT ?[0m  [["LIMIT", 11]]
  [1m[36mSong Load (1.5ms)[0m  [1m[34mSELECT "songs".* FROM "songs" /* loading for inspect */ LIMIT ?[0m  [["LIMIT", 11]]
  [1m[35m (1.1ms)[0m  [1m[34mSELECT sqlite_version(*)[0m
  [1m[36mUser Load (0.6ms)[0m  [1m[34mSELECT "users".* FROM "users" /* loading for inspect */ LIMIT ?[0m  [["LIMIT", 11]]
  [1m[36mSong Load (0.7ms)[0m  [1m[34mSELECT "songs".* FROM "songs" /* loading for inspect */ LIMIT ?[0m  [["LIMIT", 11]]
  [1m[36mPlaylist Load (0.5ms)[0m  [1m[34mSELECT "playlists".* FROM "playlists" /* loading for inspect */ LIMIT ?[0m  [["LIMIT", 11]]
  [1m[36mPlaylistSong Load (0.6ms)[0m  [1m[34mSELECT "playlist_songs".* FROM "playlist_songs" /* loading for inspect */ LIMIT ?[0m  [["LIMIT", 11]]
  [1m[35m (1.2ms)[0m  [1m[34mSELECT sqlite_version(*)[0m
  [1m[36mUser Load (0.6ms)[0m  [1m[34mSELECT "users".* FROM "users" /* loading for inspect */ LIMIT ?[0m  [["LIMIT", 11]]
